fatal: logger fatal
error: logger error
fatal: Poductos no encontrados
error: Sin resultado
error: Sin resultado
error: Sin resultado
error: Sin resultado
error: Sin resultado
error: Sin resultado
error: Sin resultado
error: Sin resultado
fatal: Poductos no encontrados
error: Sin resultado
error: Sin resultado
error: Sin resultado
fatal: Poductos no encontrados
error: Sin resultado
error: Usuario no autenticado
error: Usuario no autenticado
error: Usuario no autenticado
error: Usuario no autenticado
error: Usuario no autenticado
error: Usuario no autenticado
error: Usuario no autenticado
error: Usuario no autenticado
error: Usuario no autenticado
error: Usuario no autenticado
error: Usuario no autenticado
error: Usuario no autenticado
error: Usuario no autenticado
error: Usuario no autenticado
error: Usuario no autenticado
error: Sin resultado
error: Sin resultado
error: Sin resultado
error: Sin resultado
error: Sin resultado
error: Sin resultado
error: Sin resultado
error: Sin resultado
error: Sin resultado
error: Sin resultado
error: Sin resultado
error: Sin resultado
error: Sin resultado
error: Sin resultado
